ERROR - 2023-09-20 09:33:43 --> Email: sendWithMail throwed ErrorException: mail(): Failed to connect to mailserver at &quot;localhost&quot; port 25, verify your &quot;SMTP&quot; and &quot;smtp_port&quot; setting in php.ini or use ini_set() in C:\xampp\htdocs\bulut\system\Email\Email.php:1730
Stack trace:
#0 [internal function]: CodeIgniter\Debug\Exceptions->errorHandler(2, 'mail(): Failed ...', 'C:\\xampp\\htdocs...', 1730)
#1 C:\xampp\htdocs\bulut\system\Email\Email.php(1730): mail('sefaakcihan31@g...', '=?UTF-8?Q?=C5=9...', 'This is a multi...', 'Date: Wed, 20 S...', '-f sefa@akcsoft...')
#2 C:\xampp\htdocs\bulut\system\Email\Email.php(1662): CodeIgniter\Email\Email->sendWithMail()
#3 C:\xampp\htdocs\bulut\system\Email\Email.php(1560): CodeIgniter\Email\Email->spoolEmail()
#4 C:\xampp\htdocs\bulut\app\Helpers\RecoveryPassword_helper.php(28): CodeIgniter\Email\Email->send()
#5 C:\xampp\htdocs\bulut\app\Controllers\auth.php(206): recovery_send_mail('sefaakcihan31@g...', 'abQwDqyc')
#6 C:\xampp\htdocs\bulut\system\CodeIgniter.php(927): App\Controllers\auth->recovery()
#7 C:\xampp\htdocs\bulut\system\CodeIgniter.php(482): CodeIgniter\CodeIgniter->runController(Object(App\Controllers\auth))
#8 C:\xampp\htdocs\bulut\system\CodeIgniter.php(351): CodeIgniter\CodeIgniter->handleRequest(NULL, Object(Config\Cache), false)
#9 C:\xampp\htdocs\bulut\index.php(67): CodeIgniter\CodeIgniter->run()
#10 {main}
ERROR - 2023-09-20 09:33:43 --> Email: Unable to send email using PHP mail(). Your server might not be configured to send mail using this method.
ERROR - 2023-09-20 09:33:43 --> 
ERROR - 2023-09-20 09:35:10 --> Email: sendWithMail throwed ErrorException: mail(): Failed to connect to mailserver at &quot;localhost&quot; port 25, verify your &quot;SMTP&quot; and &quot;smtp_port&quot; setting in php.ini or use ini_set() in C:\xampp\htdocs\bulut\system\Email\Email.php:1730
Stack trace:
#0 [internal function]: CodeIgniter\Debug\Exceptions->errorHandler(2, 'mail(): Failed ...', 'C:\\xampp\\htdocs...', 1730)
#1 C:\xampp\htdocs\bulut\system\Email\Email.php(1730): mail('sefaakcihan31@g...', '=?UTF-8?Q?=C5=9...', 'This is a multi...', 'Date: Wed, 20 S...', '-f sefa@akcsoft...')
#2 C:\xampp\htdocs\bulut\system\Email\Email.php(1662): CodeIgniter\Email\Email->sendWithMail()
#3 C:\xampp\htdocs\bulut\system\Email\Email.php(1560): CodeIgniter\Email\Email->spoolEmail()
#4 C:\xampp\htdocs\bulut\app\Helpers\RecoveryPassword_helper.php(28): CodeIgniter\Email\Email->send()
#5 C:\xampp\htdocs\bulut\app\Controllers\auth.php(206): recovery_send_mail('sefaakcihan31@g...', 'Nkg1KIou')
#6 C:\xampp\htdocs\bulut\system\CodeIgniter.php(927): App\Controllers\auth->recovery()
#7 C:\xampp\htdocs\bulut\system\CodeIgniter.php(482): CodeIgniter\CodeIgniter->runController(Object(App\Controllers\auth))
#8 C:\xampp\htdocs\bulut\system\CodeIgniter.php(351): CodeIgniter\CodeIgniter->handleRequest(NULL, Object(Config\Cache), false)
#9 C:\xampp\htdocs\bulut\index.php(67): CodeIgniter\CodeIgniter->run()
#10 {main}
ERROR - 2023-09-20 09:35:10 --> Email: Unable to send email using PHP mail(). Your server might not be configured to send mail using this method.
ERROR - 2023-09-20 09:35:10 --> 
ERROR - 2023-09-20 09:36:27 --> Email: sendWithMail throwed ErrorException: mail(): Failed to connect to mailserver at &quot;localhost&quot; port 25, verify your &quot;SMTP&quot; and &quot;smtp_port&quot; setting in php.ini or use ini_set() in C:\xampp\htdocs\bulut\system\Email\Email.php:1730
Stack trace:
#0 [internal function]: CodeIgniter\Debug\Exceptions->errorHandler(2, 'mail(): Failed ...', 'C:\\xampp\\htdocs...', 1730)
#1 C:\xampp\htdocs\bulut\system\Email\Email.php(1730): mail('sefaakcihan31@g...', '=?UTF-8?Q?=C5=9...', 'This is a multi...', 'Date: Wed, 20 S...', '-f sefa@akcsoft...')
#2 C:\xampp\htdocs\bulut\system\Email\Email.php(1662): CodeIgniter\Email\Email->sendWithMail()
#3 C:\xampp\htdocs\bulut\system\Email\Email.php(1560): CodeIgniter\Email\Email->spoolEmail()
#4 C:\xampp\htdocs\bulut\app\Helpers\RecoveryPassword_helper.php(28): CodeIgniter\Email\Email->send()
#5 C:\xampp\htdocs\bulut\app\Controllers\auth.php(206): recovery_send_mail('sefaakcihan31@g...', 'dvfRrLbU')
#6 C:\xampp\htdocs\bulut\system\CodeIgniter.php(927): App\Controllers\auth->recovery()
#7 C:\xampp\htdocs\bulut\system\CodeIgniter.php(482): CodeIgniter\CodeIgniter->runController(Object(App\Controllers\auth))
#8 C:\xampp\htdocs\bulut\system\CodeIgniter.php(351): CodeIgniter\CodeIgniter->handleRequest(NULL, Object(Config\Cache), false)
#9 C:\xampp\htdocs\bulut\index.php(67): CodeIgniter\CodeIgniter->run()
#10 {main}
ERROR - 2023-09-20 09:36:27 --> Email: Unable to send email using PHP mail(). Your server might not be configured to send mail using this method.
ERROR - 2023-09-20 09:36:27 --> 
ERROR - 2023-09-20 09:36:38 --> Email: sendWithMail throwed ErrorException: mail(): Failed to connect to mailserver at &quot;localhost&quot; port 25, verify your &quot;SMTP&quot; and &quot;smtp_port&quot; setting in php.ini or use ini_set() in C:\xampp\htdocs\bulut\system\Email\Email.php:1730
Stack trace:
#0 [internal function]: CodeIgniter\Debug\Exceptions->errorHandler(2, 'mail(): Failed ...', 'C:\\xampp\\htdocs...', 1730)
#1 C:\xampp\htdocs\bulut\system\Email\Email.php(1730): mail('sefaakcihan31@g...', '=?UTF-8?Q?=C5=9...', 'This is a multi...', 'Date: Wed, 20 S...', '-f sefa@akcsoft...')
#2 C:\xampp\htdocs\bulut\system\Email\Email.php(1662): CodeIgniter\Email\Email->sendWithMail()
#3 C:\xampp\htdocs\bulut\system\Email\Email.php(1560): CodeIgniter\Email\Email->spoolEmail()
#4 C:\xampp\htdocs\bulut\app\Helpers\RecoveryPassword_helper.php(28): CodeIgniter\Email\Email->send()
#5 C:\xampp\htdocs\bulut\app\Controllers\auth.php(206): recovery_send_mail('sefaakcihan31@g...', '0pSMRBOE')
#6 C:\xampp\htdocs\bulut\system\CodeIgniter.php(927): App\Controllers\auth->recovery()
#7 C:\xampp\htdocs\bulut\system\CodeIgniter.php(482): CodeIgniter\CodeIgniter->runController(Object(App\Controllers\auth))
#8 C:\xampp\htdocs\bulut\system\CodeIgniter.php(351): CodeIgniter\CodeIgniter->handleRequest(NULL, Object(Config\Cache), false)
#9 C:\xampp\htdocs\bulut\index.php(67): CodeIgniter\CodeIgniter->run()
#10 {main}
ERROR - 2023-09-20 09:36:38 --> Email: Unable to send email using PHP mail(). Your server might not be configured to send mail using this method.
ERROR - 2023-09-20 09:36:38 --> 
